0 info it worked if it ends with ok
1 verbose cli [ 'D:\\nodejs\\node.exe',
1 verbose cli   'D:\\nodejs\\node_modules\\npm\\bin\\npm-cli.js',
1 verbose cli   'start' ]
2 info using npm@3.10.3
3 info using node@v6.7.0
4 verbose run-script [ 'prestart', 'start', 'poststart' ]
5 info lifecycle surface-pros@0.0.1~prestart: surface-pros@0.0.1
6 silly lifecycle surface-pros@0.0.1~prestart: no script for prestart, continuing
7 info lifecycle surface-pros@0.0.1~start: surface-pros@0.0.1
8 verbose lifecycle surface-pros@0.0.1~start: unsafe-perm in lifecycle true
9 verbose lifecycle surface-pros@0.0.1~start: PATH: D:\nodejs\node_modules\npm\bin\node-gyp-bin;D:\project\surface\node_modules\.bin;D:\nodejs;C:\Users\hex\bin;D:\Git\mingw32\bin;D:\Git\usr\local\bin;D:\Git\usr\bin;D:\Git\usr\bin;D:\Git\mingw32\bin;D:\Git\usr\bin;C:\Users\hex\bin;C:\Windows\system32;C:\Windows;C:\Windows\System32\Wbem;C:\Windows\System32\WindowsPowerShell\v1.0;C:\Program Files\Intel\WiFi\bin;C:\Program Files\Common Files\Intel\WirelessCommon;C:\Program Files (x86)\NVIDIA Corporation\PhysX\Common;D:\nodejs;C:\Users\hex\AppData\Local\Microsoft\WindowsApps;C:\Program Files\Intel\WiFi\bin;C:\Program Files\Common Files\Intel\WirelessCommon;C:\Users\hex\AppData\Local\atom\bin;C:\Users\hex\AppData\Roaming\npm;D:\less.js-windows\bin\node_modules\.bin;D:\nodejs\node_modules\.bin;D:\Git\usr\bin\vendor_perl;D:\Git\usr\bin\core_perl
10 verbose lifecycle surface-pros@0.0.1~start: CWD: D:\project\surface
11 silly lifecycle surface-pros@0.0.1~start: Args: [ '/d /s /c', 'tsc && concurrently "tsc -w" "lite-server" ' ]
12 silly lifecycle surface-pros@0.0.1~start: Returned: code: 2  signal: null
13 info lifecycle surface-pros@0.0.1~start: Failed to exec start script
14 verbose stack Error: surface-pros@0.0.1 start: `tsc && concurrently "tsc -w" "lite-server" `
14 verbose stack Exit status 2
14 verbose stack     at EventEmitter.<anonymous> (D:\nodejs\node_modules\npm\lib\utils\lifecycle.js:242:16)
14 verbose stack     at emitTwo (events.js:106:13)
14 verbose stack     at EventEmitter.emit (events.js:191:7)
14 verbose stack     at ChildProcess.<anonymous> (D:\nodejs\node_modules\npm\lib\utils\spawn.js:40:14)
14 verbose stack     at emitTwo (events.js:106:13)
14 verbose stack     at ChildProcess.emit (events.js:191:7)
14 verbose stack     at maybeClose (internal/child_process.js:877:16)
14 verbose stack     at Process.ChildProcess._handle.onexit (internal/child_process.js:226:5)
15 verbose pkgid surface-pros@0.0.1
16 verbose cwd D:\project\surface
17 error Windows_NT 10.0.14393
18 error argv "D:\\nodejs\\node.exe" "D:\\nodejs\\node_modules\\npm\\bin\\npm-cli.js" "start"
19 error node v6.7.0
20 error npm  v3.10.3
21 error code ELIFECYCLE
22 error surface-pros@0.0.1 start: `tsc && concurrently "tsc -w" "lite-server" `
22 error Exit status 2
23 error Failed at the surface-pros@0.0.1 start script 'tsc && concurrently "tsc -w" "lite-server" '.
23 error Make sure you have the latest version of node.js and npm installed.
23 error If you do, this is most likely a problem with the surface-pros package,
23 error not with npm itself.
23 error Tell the author that this fails on your system:
23 error     tsc && concurrently "tsc -w" "lite-server"
23 error You can get information on how to open an issue for this project with:
23 error     npm bugs surface-pros
23 error Or if that isn't available, you can get their info via:
23 error     npm owner ls surface-pros
23 error There is likely additional logging output above.
24 verbose exit [ 1, true ]
